In file included from [01m[K/home/al/grad_project/catkin_ws/src/rosepl_project_cn/src/user_app.cpp:10:0[m[K:
[01m[K/home/al/grad_project/catkin_ws/src/rosepl_project_cn/include/rosepl_project_cn/user_app.h:13:10:[m[K [01;31m[Kfatal error: [m[Krosepl_project_cn/rosepl_project_cn_node.h: No such file or directory
 #include [01;31m[K<rosepl_project_cn/rosepl_project_cn_node.h>[m[K
          [01;31m[K^~~~~~~~~~~~~~~~~~~~~~~~~~~~~~~~~~~~~~~~~~~~[m[K
compilation terminated.
[01m[K/home/al/grad_project/catkin_ws/src/rosepl_project_cn/src/rosepl_project_cn_node.cpp:10:10:[m[K [01;31m[Kfatal error: [m[Krosepl_project_cn/rosepl_project_cn_node.h: No such file or directory
 #include [01;31m[K<rosepl_project_cn/rosepl_project_cn_node.h>[m[K
          [01;31m[K^~~~~~~~~~~~~~~~~~~~~~~~~~~~~~~~~~~~~~~~~~~~[m[K
compilation terminated.
make[2]: *** [CMakeFiles/rosepl_project_cn_node.dir/src/user_app.cpp.o] Error 1
make[2]: *** Waiting for unfinished jobs....
make[2]: *** [CMakeFiles/rosepl_project_cn_node.dir/src/rosepl_project_cn_node.cpp.o] Error 1
make[1]: *** [CMakeFiles/rosepl_project_cn_node.dir/all] Error 2
make: *** [all] Error 2
