[  0%] Built target std_msgs_generate_messages_py
[  0%] Built target std_msgs_generate_messages_lisp
[  0%] Built target std_msgs_generate_messages_nodejs
[  0%] Built target std_msgs_generate_messages_cpp
[  0%] Built target std_msgs_generate_messages_eus
[  0%] Built target rosgraph_msgs_generate_messages_nodejs
[  0%] Built target rosgraph_msgs_generate_messages_py
[  0%] Built target rosgraph_msgs_generate_messages_eus
[  0%] Built target rosgraph_msgs_generate_messages_lisp
[  0%] Built target rosgraph_msgs_generate_messages_cpp
[  0%] Built target roscpp_generate_messages_py
[  0%] Built target roscpp_generate_messages_lisp
[  0%] Built target roscpp_generate_messages_nodejs
[  0%] Built target roscpp_generate_messages_eus
[  0%] Built target roscpp_generate_messages_cpp
[  0%] Built target rosepl_project_mn_generate_messages_py
[ 14%] Built target rosepl_project_mn_generate_messages_eus
[ 14%] Built target rosepl_project_mn_generate_messages_cpp
[ 14%] Built target rosepl_project_mn_generate_messages_lisp
[ 14%] Built target rosepl_project_mn_generate_messages_nodejs
[ 14%] Built target rosepl_project_mn_generate_messages
[ 28%] [32mBuilding CXX object CMakeFiles/rosepl_project_mn_node.dir/src/rosepl_project_mn_node.cpp.o[0m
[ 42%] [32mBuilding CXX object CMakeFiles/rosepl_project_mn_node.dir/src/memory_api.cpp.o[0m
[ 57%] [32mBuilding CXX object CMakeFiles/rosepl_project_mn_node.dir/src/priority_setter.cpp.o[0m
[01m[K/home/al/grad_project/catkin_ws/src/rosepl_project_mn/src/rosepl_project_mn_node.cpp:10:10:[m[K [01;31m[Kfatal error: [m[Krosepl_project_mn/epl_ros_node.h: No such file or directory
 #include [01;31m[K<rosepl_project_mn/epl_ros_node.h>[m[K
          [01;31m[K^~~~~~~~~~~~~~~~~~~~~~~~~~~~~~~~~~[m[K
compilation terminated.
[01m[K/home/al/grad_project/catkin_ws/src/rosepl_project_mn/src/memory_api.cpp:1:10:[m[K [01;31m[Kfatal error: [m[Krosepl_project_mn/MemoryAPI.h: No such file or directory
 #include [01;31m[K<rosepl_project_mn/MemoryAPI.h>[m[K
          [01;31m[K^~~~~~~~~~~~~~~~~~~~~~~~~~~~~~~[m[K
compilation terminated.
[01m[K/home/al/grad_project/catkin_ws/src/rosepl_project_mn/src/priority_setter.cpp:1:10:[m[K [01;31m[Kfatal error: [m[Krosepl_project_mn/PrioritySetter.h: No such file or directory
 #include [01;31m[K<rosepl_project_mn/PrioritySetter.h>[m[K
          [01;31m[K^~~~~~~~~~~~~~~~~~~~~~~~~~~~~~~~~~~~[m[K
compilation terminated.
CMakeFiles/rosepl_project_mn_node.dir/build.make:62: recipe for target 'CMakeFiles/rosepl_project_mn_node.dir/src/rosepl_project_mn_node.cpp.o' failed
CMakeFiles/rosepl_project_mn_node.dir/build.make:86: recipe for target 'CMakeFiles/rosepl_project_mn_node.dir/src/memory_api.cpp.o' failed
make[2]: *** [CMakeFiles/rosepl_project_mn_node.dir/src/rosepl_project_mn_node.cpp.o] Error 1
make[2]: *** Waiting for unfinished jobs....
make[2]: *** [CMakeFiles/rosepl_project_mn_node.dir/src/memory_api.cpp.o] Error 1
CMakeFiles/rosepl_project_mn_node.dir/build.make:110: recipe for target 'CMakeFiles/rosepl_project_mn_node.dir/src/priority_setter.cpp.o' failed
make[2]: *** [CMakeFiles/rosepl_project_mn_node.dir/src/priority_setter.cpp.o] Error 1
[ 71%] [32mBuilding CXX object CMakeFiles/rosepl_project_mn_node.dir/src/generated_wrapper.cpp.o[0m
[ 85%] [32mBuilding CXX object CMakeFiles/rosepl_project_mn_node.dir/src/user_app.cpp.o[0m
[01m[K/home/al/grad_project/catkin_ws/src/rosepl_project_mn/src/generated_wrapper.cpp:1:10:[m[K [01;31m[Kfatal error: [m[Krosepl_project_mn/generated_wrapper.h: No such file or directory
 #include [01;31m[K<rosepl_project_mn/generated_wrapper.h>[m[K
          [01;31m[K^~~~~~~~~~~~~~~~~~~~~~~~~~~~~~~~~~~~~~~[m[K
compilation terminated.
[01m[K/home/al/grad_project/catkin_ws/src/rosepl_project_mn/src/user_app.cpp:10:10:[m[K [01;31m[Kfatal error: [m[Krosepl_project_mn/user_app.h: No such file or directory
CMakeFiles/rosepl_project_mn_node.dir/build.make:134: recipe for target 'CMakeFiles/rosepl_project_mn_node.dir/src/generated_wrapper.cpp.o' failed
 #include [01;31m[K<rosepl_project_mn/user_app.h>[m[K
          [01;31m[K^~~~~~~~~~~~~~~~~~~~~~~~~~~~~~[m[K
make[2]: *** [CMakeFiles/rosepl_project_mn_node.dir/src/generated_wrapper.cpp.o] Error 1
compilation terminated.
CMakeFiles/rosepl_project_mn_node.dir/build.make:158: recipe for target 'CMakeFiles/rosepl_project_mn_node.dir/src/user_app.cpp.o' failed
make[2]: *** [CMakeFiles/rosepl_project_mn_node.dir/src/user_app.cpp.o] Error 1
CMakeFiles/Makefile2:1087: recipe for target 'CMakeFiles/rosepl_project_mn_node.dir/all' failed
make[1]: *** [CMakeFiles/rosepl_project_mn_node.dir/all] Error 2
Makefile:140: recipe for target 'all' failed
make: *** [all] Error 2
