In file included from [01m[K/home/al/grad_project/catkin_ws/src/rosepl_project_mn/src/rosepl_project_mn_node.cpp:10:0[m[K:
[01m[K/home/al/grad_project/catkin_ws/src/rosepl_project_mn/include/rosepl_project_mn/epl_ros_node.h:21:10:[m[K [01;31m[Kfatal error: [m[Kepl_wrapper/SignalSync.h: No such file or directory
 #include [01;31m[K<epl_wrapper/SignalSync.h>[m[K
          [01;31m[K^~~~~~~~~~~~~~~~~~~~~~~~~~[m[K
compilation terminated.
make[2]: *** [CMakeFiles/rosepl_project_mn_node.dir/src/rosepl_project_mn_node.cpp.o] Error 1
make[2]: *** Waiting for unfinished jobs....
In file included from [01m[K/home/al/grad_project/catkin_ws/src/rosepl_project_mn/src/generated_wrapper.cpp:1:0[m[K:
[01m[K/home/al/grad_project/catkin_ws/src/rosepl_project_mn/include/rosepl_project_mn/generated_wrapper.h:15:10:[m[K [01;31m[Kfatal error: [m[Kepl_wrapper/PowerlinkIn.h: No such file or directory
 #include [01;31m[K<epl_wrapper/PowerlinkIn.h>[m[K
          [01;31m[K^~~~~~~~~~~~~~~~~~~~~~~~~~~[m[K
compilation terminated.
In file included from [01m[K/home/al/grad_project/catkin_ws/src/rosepl_project_mn/include/rosepl_project_mn/user_app.h:13:0[m[K,
                 from [01m[K/home/al/grad_project/catkin_ws/src/rosepl_project_mn/src/user_app.cpp:10[m[K:
[01m[K/home/al/grad_project/catkin_ws/src/rosepl_project_mn/include/rosepl_project_mn/epl_ros_node.h:21:10:[m[K [01;31m[Kfatal error: [m[Kepl_wrapper/SignalSync.h: No such file or directory
 #include [01;31m[K<epl_wrapper/SignalSync.h>[m[K
          [01;31m[K^~~~~~~~~~~~~~~~~~~~~~~~~~[m[K
make[2]: *** [CMakeFiles/rosepl_project_mn_node.dir/src/generated_wrapper.cpp.o] Error 1
compilation terminated.
make[2]: *** [CMakeFiles/rosepl_project_mn_node.dir/src/user_app.cpp.o] Error 1
make[1]: *** [CMakeFiles/rosepl_project_mn_node.dir/all] Error 2
make: *** [all] Error 2
